#-----------------------------------------------------------
# Vivado v2019.1 (64-bit)
# SW Build 2552052 on Fri May 24 14:49:42 MDT 2019
# IP Build 2548770 on Fri May 24 18:01:18 MDT 2019
# Start of session at: Sat Dec 19 12:05:19 2020
# Process ID: 15860
# Current directory: C:/Users/horse/Documents/Xilinx_Projects/AESencryption
# Command line: vivado.exe -mode batch -source tmp.tcl
# Log file: C:/Users/horse/Documents/Xilinx_Projects/AESencryption/vivado.log
# Journal file: C:/Users/horse/Documents/Xilinx_Projects/AESencryption\vivado.jou
#-----------------------------------------------------------
source tmp.tcl
# open_project AESEncryption
Scanning sources...
Finished scanning sources
# set ippath [list [get_property ip_repo_paths [current_project]]]
# lappend ippath {C:/ProgramData/MATLAB/SupportPackages/R2020b/toolbox/hdlverifier/supportpackages/fpgadebug_xilinx/+hdlverifier/+fpga/+vivado}
# set_property  ip_repo_paths  ${ippath} [current_project]
# update_ip_catalog
INFO: [IP_Flow 19-234] Refreshing IP repositories
INFO: [IP_Flow 19-1700] Loaded user IP repository 'c:/Users/horse/Documents/Xilinx_Projects/AESencryption'.
INFO: [IP_Flow 19-1700] Loaded user IP repository 'c:/ProgramData/MATLAB/SupportPackages/R2020b/toolbox/hdlverifier/supportpackages/fpgadebug_xilinx/+hdlverifier/+fpga/+vivado'.
INFO: [IP_Flow 19-2313] Loaded Vivado IP repository 'C:/Xilinx/Vivado/2019.1/data/ip'.
# close_project
INFO: [Common 17-206] Exiting Vivado at Sat Dec 19 12:05:24 2020...
