#-----------------------------------------------------------
# Vivado v2020.2 (64-bit)
# SW Build 3064766 on Wed Nov 18 09:12:45 MST 2020
# IP Build 3064653 on Wed Nov 18 14:17:31 MST 2020
# Start of session at: Mon Feb 15 17:45:05 2021
# Process ID: 13780
# Current directory: C:/Users/horse/Documents/Xilinx_Projects/AESencryption/FPGA/MAESencryption_next
# Command line: vivado.exe -gui_launcher_event rodinguilauncherevent15664 C:\Users\horse\Documents\Xilinx_Projects\AESencryption\FPGA\MAESencryption_next\MAESencryption.xpr
# Log file: C:/Users/horse/Documents/Xilinx_Projects/AESencryption/FPGA/MAESencryption_next/vivado.log
# Journal file: C:/Users/horse/Documents/Xilinx_Projects/AESencryption/FPGA/MAESencryption_next\vivado.jou
#-----------------------------------------------------------
start_gui
open_project C:/Users/horse/Documents/Xilinx_Projects/AESencryption/FPGA/MAESencryption_next/MAESencryption.xpr
WARNING: [filemgmt 56-3] IP Repository Path: Could not find the directory 'C:/Users/ProgramData/MATLAB/SupportPackages/R2020b/toolbox/hdlverifier/supportpackages/fpgadebug_xilinx/+hdlverifier/+fpga/+vivado'.
WARNING: [filemgmt 56-3] IPUserFilesDir: Could not find the directory 'C:/Users/horse/Documents/Xilinx_Projects/AESencryption/FPGA/MAESencryption_next/MAESencryption.ip_user_files'.
Scanning sources...
Finished scanning sources
WARNING: [Project 1-509] GeneratedRun file for 'synth_1' not found
WARNING: [Project 1-509] GeneratedRun file for 'impl_1' not found
INFO: [IP_Flow 19-234] Refreshing IP repositories
WARNING: [IP_Flow 19-2248] Failed to load user IP repository 'c:/Users/ProgramData/MATLAB/SupportPackages/R2020b/toolbox/hdlverifier/supportpackages/fpgadebug_xilinx/+hdlverifier/+fpga/+vivado'; Can't find the specified path.
If this directory should no longer be in your list of user repositories, go to the IP Settings dialog and remove it.
INFO: [IP_Flow 19-2313] Loaded Vivado IP repository 'C:/Xilinx/Vivado/2020.2/data/ip'.
open_project: Time (s): cpu = 00:00:32 ; elapsed = 00:00:12 . Memory (MB): peak = 1000.102 ; gain = 0.000
update_compile_order -fileset sources_1
launch_runs synth_1 -jobs 8
[Mon Feb 15 17:47:33 2021] Launched synth_1...
Run output will be captured here: C:/Users/horse/Documents/Xilinx_Projects/AESencryption/FPGA/MAESencryption_next/MAESencryption.runs/synth_1/runme.log
update_compile_order -fileset sources_1
update_compile_order -fileset sources_1
update_compile_order -fileset sources_1
update_compile_order -fileset sources_1
exit
