INFO: [VRFC 10-2263] Analyzing Verilog file "C:/Users/faith/Documents/MAES/AESencryption/FPGA/AESencryption.srcs/sources_1/new/EncDecController.v" into library xil_defaultlib
INFO: [VRFC 10-311] analyzing module EncDecController
INFO: [VRFC 10-2263] Analyzing Verilog file "C:/Users/faith/Documents/MAES/AESencryption/FPGA/AESencryption.srcs/sources_1/new/FlatEncryption.v" into library xil_defaultlib
INFO: [VRFC 10-311] analyzing module FlatEncryption
INFO: [VRFC 10-2263] Analyzing Verilog file "C:/Users/faith/Documents/MAES/AESencryption/FPGA/AESencryption.srcs/sources_1/new/RotWord.v" into library xil_defaultlib
INFO: [VRFC 10-311] analyzing module RotWord
INFO: [VRFC 10-2263] Analyzing Verilog file "C:/Users/faith/Documents/MAES/AESencryption/FPGA/AESencryption.srcs/sources_1/new/SubWord.v" into library xil_defaultlib
INFO: [VRFC 10-311] analyzing module SubWord
INFO: [VRFC 10-2263] Analyzing Verilog file "C:/Users/faith/Documents/MAES/AESencryption/FPGA/AESencryption.srcs/sources_1/new/getSBoxValue.v" into library xil_defaultlib
INFO: [VRFC 10-311] analyzing module getSBoxValue
INFO: [VRFC 10-2263] Analyzing Verilog file "C:/Users/faith/Documents/MAES/AESencryption/FPGA/AESencryption.srcs/sources_1/new/times_three.v" into library xil_defaultlib
INFO: [VRFC 10-311] analyzing module times_three
INFO: [VRFC 10-2263] Analyzing Verilog file "C:/Users/faith/Documents/MAES/AESencryption/FPGA/AESencryption.srcs/sources_1/new/times_two.v" into library xil_defaultlib
INFO: [VRFC 10-311] analyzing module times_two
INFO: [VRFC 10-2263] Analyzing Verilog file "C:/Users/faith/Documents/MAES/AESencryption/FPGA/AESencryption.srcs/sources_1/new/uart.v" into library xil_defaultlib
INFO: [VRFC 10-311] analyzing module uart
INFO: [VRFC 10-2263] Analyzing Verilog file "C:/Users/faith/Documents/MAES/AESencryption/FPGA/AESencryption.srcs/sources_1/new/uart_store_stream.v" into library xil_defaultlib
INFO: [VRFC 10-311] analyzing module uart_store_stream
INFO: [VRFC 10-2458] undeclared symbol rst, assumed default net type wire [C:/Users/faith/Documents/MAES/AESencryption/FPGA/AESencryption.srcs/sources_1/new/uart_store_stream.v:31]
INFO: [VRFC 10-2458] undeclared symbol transmit, assumed default net type wire [C:/Users/faith/Documents/MAES/AESencryption/FPGA/AESencryption.srcs/sources_1/new/uart_store_stream.v:31]
INFO: [VRFC 10-2458] undeclared symbol tx_byte, assumed default net type wire [C:/Users/faith/Documents/MAES/AESencryption/FPGA/AESencryption.srcs/sources_1/new/uart_store_stream.v:31]
INFO: [VRFC 10-2458] undeclared symbol received, assumed default net type wire [C:/Users/faith/Documents/MAES/AESencryption/FPGA/AESencryption.srcs/sources_1/new/uart_store_stream.v:31]
INFO: [VRFC 10-2458] undeclared symbol is_receiving, assumed default net type wire [C:/Users/faith/Documents/MAES/AESencryption/FPGA/AESencryption.srcs/sources_1/new/uart_store_stream.v:31]
INFO: [VRFC 10-2458] undeclared symbol is_transmitting, assumed default net type wire [C:/Users/faith/Documents/MAES/AESencryption/FPGA/AESencryption.srcs/sources_1/new/uart_store_stream.v:31]
INFO: [VRFC 10-2458] undeclared symbol recv_error, assumed default net type wire [C:/Users/faith/Documents/MAES/AESencryption/FPGA/AESencryption.srcs/sources_1/new/uart_store_stream.v:31]
WARNING: [VRFC 10-2938] 'rst' is already implicitly declared on line 31 [C:/Users/faith/Documents/MAES/AESencryption/FPGA/AESencryption.srcs/sources_1/new/uart_store_stream.v:32]
WARNING: [VRFC 10-2938] 'transmit' is already implicitly declared on line 31 [C:/Users/faith/Documents/MAES/AESencryption/FPGA/AESencryption.srcs/sources_1/new/uart_store_stream.v:34]
WARNING: [VRFC 10-2938] 'tx_byte' is already implicitly declared on line 31 [C:/Users/faith/Documents/MAES/AESencryption/FPGA/AESencryption.srcs/sources_1/new/uart_store_stream.v:35]
WARNING: [VRFC 10-2938] 'received' is already implicitly declared on line 31 [C:/Users/faith/Documents/MAES/AESencryption/FPGA/AESencryption.srcs/sources_1/new/uart_store_stream.v:36]
WARNING: [VRFC 10-2938] 'is_receiving' is already implicitly declared on line 31 [C:/Users/faith/Documents/MAES/AESencryption/FPGA/AESencryption.srcs/sources_1/new/uart_store_stream.v:38]
INFO: [VRFC 10-2263] Analyzing Verilog file "C:/Users/faith/Documents/MAES/AESencryption/FPGA/AESencryption.srcs/sim_1/new/uart_store_stream_tb.v" into library xil_defaultlib
INFO: [VRFC 10-311] analyzing module uart_store_stream_tb
