#-----------------------------------------------------------
# Vivado v2019.1 (64-bit)
# SW Build 2552052 on Fri May 24 14:49:42 MDT 2019
# IP Build 2548770 on Fri May 24 18:01:18 MDT 2019
# Start of session at: Tue Dec  8 20:01:18 2020
# Process ID: 16556
# Current directory: C:/Users/faith/Downloads/final_proj-20201124T023745Z-001/AESencryption
# Command line: vivado.exe -gui_launcher_event rodinguilauncherevent9580 C:\Users\faith\Downloads\final_proj-20201124T023745Z-001\AESencryption\AESencryption.xpr
# Log file: C:/Users/faith/Downloads/final_proj-20201124T023745Z-001/AESencryption/vivado.log
# Journal file: C:/Users/faith/Downloads/final_proj-20201124T023745Z-001/AESencryption\vivado.jou
#-----------------------------------------------------------
start_gui
open_project C:/Users/faith/Downloads/final_proj-20201124T023745Z-001/AESencryption/AESencryption.xpr
Scanning sources...
Finished scanning sources
INFO: [IP_Flow 19-234] Refreshing IP repositories
INFO: [IP_Flow 19-1704] No user IP repositories specified
INFO: [IP_Flow 19-2313] Loaded Vivado IP repository 'C:/Xilinx/Vivado/2019.1/data/ip'.
update_compile_order -fileset sources_1
import_files
INFO: [filemgmt 20-348] Importing the appropriate files for fileset: 'sources_1'
