#-----------------------------------------------------------
# Vivado v2020.2 (64-bit)
# SW Build 3064766 on Wed Nov 18 09:12:45 MST 2020
# IP Build 3064653 on Wed Nov 18 14:17:31 MST 2020
# Start of session at: Sun Jan 17 20:29:06 2021
# Process ID: 16084
# Current directory: C:/Users/faith/Documents/MAES/AESencryption
# Command line: vivado.exe -gui_launcher_event rodinguilauncherevent10268 C:\Users\faith\Documents\MAES\AESencryption\AESencryption.xpr
# Log file: C:/Users/faith/Documents/MAES/AESencryption/vivado.log
# Journal file: C:/Users/faith/Documents/MAES/AESencryption\vivado.jou
#-----------------------------------------------------------
start_gui
open_project C:/Users/faith/Documents/MAES/AESencryption/AESencryption.xpr
INFO: [Project 1-313] Project file moved from 'C:/Users/horse/Documents/Xilinx_Projects/AESencryption' since last save.
WARNING: [filemgmt 56-3] IP Repository Path: Could not find the directory 'C:/ProgramData/MATLAB/SupportPackages/R2020b/toolbox/hdlverifier/supportpackages/fpgadebug_xilinx/+hdlverifier/+fpga/+vivado'.
Scanning sources...
Finished scanning sources
INFO: [IP_Flow 19-234] Refreshing IP repositories
WARNING: [IP_Flow 19-2248] Failed to load user IP repository 'c:/ProgramData/MATLAB/SupportPackages/R2020b/toolbox/hdlverifier/supportpackages/fpgadebug_xilinx/+hdlverifier/+fpga/+vivado'; Can't find the specified path.
If this directory should no longer be in your list of user repositories, go to the IP Settings dialog and remove it.
INFO: [IP_Flow 19-2313] Loaded Vivado IP repository 'C:/Xilinx/Vivado/2020.2/data/ip'.
update_compile_order -fileset sources_1
exit
INFO: [Common 17-206] Exiting Vivado at Sun Jan 17 20:34:56 2021...
